<?xml version="1.0" encoding="UTF-8"?>
<!-- Generated by org.testng.reporters.JUnitReportReporter -->
<testsuite skipped="0" hostname="DESKTOP-E28U7TJ" name="unReleasePlanpage_tests.ReleaseSIS_plnpage_test" tests="1" failures="0" timestamp="2021-10-07T16:35:50 IST" time="73.972" errors="0">
  <testcase name="Verifyreleasetask" time="73.972" classname="unReleasePlanpage_tests.ReleaseSIS_plnpage_test"/>
  <system-out/>
</testsuite> <!-- unReleasePlanpage_tests.ReleaseSIS_plnpage_test -->
