<?xml version="1.0" encoding="UTF-8"?>
<!-- Generated by org.testng.reporters.JUnitReportReporter -->
<testsuite skipped="0" hostname="DESKTOP-E28U7TJ" name="Canvasapptests.Loginpagetest" tests="1" failures="0" timestamp="2021-10-15T17:06:48 IST" time="49.051" errors="0">
  <testcase name="login" time="49.051" classname="Canvasapptests.Loginpagetest"/>
  <system-out/>
</testsuite> <!-- Canvasapptests.Loginpagetest -->
