<?xml version="1.0" encoding="UTF-8"?>
<!-- Generated by org.testng.reporters.JUnitReportReporter -->
<testsuite skipped="0" hostname="DESKTOP-E28U7TJ" name="unReleasePlanpage_tests.Impactapp_l3page_test" tests="1" failures="0" timestamp="2021-09-30T17:49:07 IST" time="71.139" errors="0">
  <testcase name="verifyImpactapp_l3checkbox" time="71.139" classname="unReleasePlanpage_tests.Impactapp_l3page_test"/>
  <system-out/>
</testsuite> <!-- unReleasePlanpage_tests.Impactapp_l3page_test -->
