<?xml version="1.0" encoding="UTF-8"?>
<!-- Generated by org.testng.reporters.JUnitReportReporter -->
<testsuite skipped="0" hostname="DESKTOP-E28U7TJ" name="unRelease_tests.RMIIDdetailspage_test" tests="1" failures="0" timestamp="2021-09-29T10:56:53 IST" time="97.016" errors="0">
  <testcase name="verifyPOCLlogmessage_test" time="97.016" classname="unRelease_tests.RMIIDdetailspage_test"/>
  <system-out/>
</testsuite> <!-- unRelease_tests.RMIIDdetailspage_test -->
