<?xml version="1.0" encoding="UTF-8"?>
<!-- Generated by org.testng.reporters.JUnitReportReporter -->
<testsuite skipped="0" hostname="DESKTOP-E28U7TJ" name="unReleasePlanpage_tests.Pro_l3page_test" tests="2" failures="0" timestamp="2021-09-29T10:56:53 IST" time="164.666" errors="0">
  <testcase name="verifyprosearchfieldtest" time="89.569" classname="unReleasePlanpage_tests.Pro_l3page_test"/>
  <system-out/>
  <testcase name="verifypro_l3pagedate_test" time="75.097" classname="unReleasePlanpage_tests.Pro_l3page_test"/>
  <system-out/>
</testsuite> <!-- unReleasePlanpage_tests.Pro_l3page_test -->
