<?xml version="1.0" encoding="UTF-8"?>
<!-- Generated by org.testng.reporters.JUnitReportReporter -->
<testsuite skipped="0" hostname="DESKTOP-E28U7TJ" name="unRelease_tests.RMIL3page_test" tests="3" failures="0" timestamp="2021-09-29T10:56:53 IST" time="262.827" errors="0">
  <testcase name="verifysubmittedrmisearchfeld_test" time="85.600" classname="unRelease_tests.RMIL3page_test"/>
  <system-out/>
  <testcase name="verifyverticalL3tableview_test" time="94.198" classname="unRelease_tests.RMIL3page_test"/>
  <system-out/>
  <testcase name="verifyrmiidclick" time="83.029" classname="unRelease_tests.RMIL3page_test"/>
  <system-out/>
</testsuite> <!-- unRelease_tests.RMIL3page_test -->
