<?xml version="1.0" encoding="UTF-8"?>
<!-- Generated by org.testng.reporters.JUnitReportReporter -->
<testsuite skipped="0" hostname="DESKTOP-E28U7TJ" name="unRelease_tests.ProjectIDdetailspage_test" tests="2" failures="0" timestamp="2021-09-29T10:56:53 IST" time="155.060" errors="0">
  <testcase name="verifyprojecttimelinetest" time="83.306" classname="unRelease_tests.ProjectIDdetailspage_test"/>
  <system-out/>
  <testcase name="verifyproiddetailviewproject_test" time="71.754" classname="unRelease_tests.ProjectIDdetailspage_test"/>
  <system-out/>
</testsuite> <!-- unRelease_tests.ProjectIDdetailspage_test -->
